C:\COM\INPROCERVER\ИГРА ПЯТНАШКИ\DEBUG\BARLEYBREAK.OBJ
C:\COM\InProcerver\ИГРА ПЯТНАШКИ\Debug\cl.command.1.tlog
C:\COM\InProcerver\ИГРА ПЯТНАШКИ\Debug\CL.read.1.tlog
C:\COM\InProcerver\ИГРА ПЯТНАШКИ\Debug\CL.write.1.tlog
C:\COM\INPROCERVER\ИГРА ПЯТНАШКИ\DEBUG\CREATE_BITMAP_FOR_BK.OBJ
C:\COM\INPROCERVER\ИГРА ПЯТНАШКИ\DEBUG\CREATE_MAIN_WINDOW.OBJ
C:\COM\INPROCERVER\ИГРА ПЯТНАШКИ\DEBUG\DESKTOP.OBJ
C:\COM\InProcerver\ИГРА ПЯТНАШКИ\Debug\link.2340.read.1.tlog
C:\COM\InProcerver\ИГРА ПЯТНАШКИ\Debug\link.2340.write.1.tlog
C:\COM\InProcerver\ИГРА ПЯТНАШКИ\Debug\link.2340-cvtres.read.1.tlog
C:\COM\InProcerver\ИГРА ПЯТНАШКИ\Debug\link.2340-cvtres.write.1.tlog
C:\COM\InProcerver\ИГРА ПЯТНАШКИ\Debug\link.2444.read.1.tlog
C:\COM\InProcerver\ИГРА ПЯТНАШКИ\Debug\link.2444.write.1.tlog
C:\COM\InProcerver\ИГРА ПЯТНАШКИ\Debug\link.2444-cvtres.read.1.tlog
C:\COM\InProcerver\ИГРА ПЯТНАШКИ\Debug\link.2444-cvtres.write.1.tlog
C:\COM\InProcerver\ИГРА ПЯТНАШКИ\Debug\link.3496.read.1.tlog
C:\COM\InProcerver\ИГРА ПЯТНАШКИ\Debug\link.3496.write.1.tlog
C:\COM\InProcerver\ИГРА ПЯТНАШКИ\Debug\link.3496-cvtres.read.1.tlog
C:\COM\InProcerver\ИГРА ПЯТНАШКИ\Debug\link.3496-cvtres.write.1.tlog
C:\COM\InProcerver\ИГРА ПЯТНАШКИ\Debug\link.4076.read.1.tlog
C:\COM\InProcerver\ИГРА ПЯТНАШКИ\Debug\link.4076.write.1.tlog
C:\COM\InProcerver\ИГРА ПЯТНАШКИ\Debug\link.4076-cvtres.read.1.tlog
C:\COM\InProcerver\ИГРА ПЯТНАШКИ\Debug\link.4076-cvtres.write.1.tlog
C:\COM\InProcerver\ИГРА ПЯТНАШКИ\Debug\link.5328.read.1.tlog
C:\COM\InProcerver\ИГРА ПЯТНАШКИ\Debug\link.5328.write.1.tlog
C:\COM\InProcerver\ИГРА ПЯТНАШКИ\Debug\link.5328-cvtres.read.1.tlog
C:\COM\InProcerver\ИГРА ПЯТНАШКИ\Debug\link.5328-cvtres.write.1.tlog
C:\COM\InProcerver\ИГРА ПЯТНАШКИ\Debug\link.command.1.tlog
C:\COM\InProcerver\ИГРА ПЯТНАШКИ\Debug\link.read.1.tlog
C:\COM\InProcerver\ИГРА ПЯТНАШКИ\Debug\link.write.1.tlog
C:\COM\InProcerver\ИГРА ПЯТНАШКИ\Debug\link-cvtres.read.1.tlog
C:\COM\InProcerver\ИГРА ПЯТНАШКИ\Debug\link-cvtres.write.1.tlog
C:\COM\InProcerver\ИГРА ПЯТНАШКИ\Debug\mt.command.1.tlog
C:\COM\InProcerver\ИГРА ПЯТНАШКИ\Debug\mt.read.1.tlog
C:\COM\InProcerver\ИГРА ПЯТНАШКИ\Debug\mt.write.1.tlog
C:\COM\InProcerver\ИГРА ПЯТНАШКИ\Debug\rc.command.1.tlog
C:\COM\InProcerver\ИГРА ПЯТНАШКИ\Debug\rc.read.1.tlog
C:\COM\InProcerver\ИГРА ПЯТНАШКИ\Debug\rc.write.1.tlog
C:\COM\INPROCERVER\ИГРА ПЯТНАШКИ\DEBUG\STDAFX.OBJ
C:\COM\InProcerver\ИГРА ПЯТНАШКИ\Debug\vc100.idb
C:\COM\INPROCERVER\ИГРА ПЯТНАШКИ\DEBUG\VC100.PDB
C:\COM\INPROCERVER\ИГРА ПЯТНАШКИ\DEBUG\ИГРА ПЯТНАШКИ.EXE
C:\COM\INPROCERVER\ИГРА ПЯТНАШКИ\DEBUG\ИГРА ПЯТНАШКИ.EXE.EMBED.MANIFEST
C:\COM\INPROCERVER\ИГРА ПЯТНАШКИ\DEBUG\ИГРА ПЯТНАШКИ.EXE.EMBED.MANIFEST.RES
C:\COM\INPROCERVER\ИГРА ПЯТНАШКИ\DEBUG\ИГРА ПЯТНАШКИ.EXE.INTERMEDIATE.MANIFEST
C:\COM\INPROCERVER\ИГРА ПЯТНАШКИ\DEBUG\ИГРА ПЯТНАШКИ.ILK
C:\COM\INPROCERVER\ИГРА ПЯТНАШКИ\DEBUG\ИГРА ПЯТНАШКИ.OBJ
C:\COM\INPROCERVER\ИГРА ПЯТНАШКИ\DEBUG\ИГРА ПЯТНАШКИ.PCH
C:\COM\INPROCERVER\ИГРА ПЯТНАШКИ\DEBUG\ИГРА ПЯТНАШКИ.PDB
C:\COM\InProcerver\ИГРА ПЯТНАШКИ\Debug\ИГРА ПЯТНАШКИ.vcxprojResolveAssemblyReference.cache
C:\COM\InProcerver\ИГРА ПЯТНАШКИ\Debug\ИГРА ПЯТНАШКИ.write.1.tlog
C:\COM\InProcerver\ИГРА ПЯТНАШКИ\Debug\ИГРА ПЯТНАШКИ_manifest.rc
C:\COM\INPROCERVER\ИГРА ПЯТНАШКИ\DEBUG\ИГРА ПЯТНАШКИ2.RES
