Построение начато 25.06.2014 23:29:16.
     1>Проект "C:\COM\InProcerver\ИГРА ПЯТНАШКИ\ИГРА ПЯТНАШКИ.vcxproj" в узле 2 (целевые объекты build).
     1>InitializeBuildStatus:
         Создание "Debug\ИГРА ПЯТНАШКИ.unsuccessfulbuild", так как было задано "AlwaysCreate".
       ClCompile:
         Для всех выходных данных обновления не требуется.
         C:\Program Files (x86)\Microsoft Visual Studio 10.0\VC\bin\CL.exe /c /ID:\boost_1_55_0 /I"D:\Visual Leak Detector\include" /ZI /nologo /W3 /WX- /Od /Oy- /D WIN32 /D _DEBUG /D _WINDOWS /D _UNICODE /D UNICODE /D _ATL_STATIC_REGISTRY /Gm /EHsc /RTC1 /MDd /GS /fp:precise /Zc:wchar_t /Zc:forScope /Yu"StdAfx.h" /Fp"Debug\ИГРА ПЯТНАШКИ.pch" /Fo"Debug\\" /Fd"Debug\vc100.pdb" /Gd /TP /analyze- /errorReport:prompt barleyBreak.cpp
         barleyBreak.cpp
     1>c:\com\inprocerver\игра пятнашки\barleybreak.cpp(44): warning C4101: t1: неиспользованная локальная переменная
     1>c:\com\inprocerver\игра пятнашки\barleybreak.cpp(564): warning C4244: аргумент: преобразование "time_t" в "unsigned int", возможна потеря данных
     1>c:\com\inprocerver\игра пятнашки\barleybreak.cpp(720): warning C4018: <: несоответствие типов со знаком и без знака
     1>c:\com\inprocerver\игра пятнашки\barleybreak.cpp(746): warning C4244: аргумент: преобразование "WCHAR" в "char", возможна потеря данных
     1>c:\program files (x86)\microsoft visual studio 10.0\vc\include\xutility(2227): warning C4996: 'std::_Copy_impl': Function call with parameters that may be unsafe - this call relies on the caller to check that the passed values are correct. To disable this warning, use -D_SCL_SECURE_NO_WARNINGS. See documentation on how to use Visual C++ 'Checked Iterators'
                 c:\program files (x86)\microsoft visual studio 10.0\vc\include\xutility(2212): см. объявление "std::_Copy_impl"
                 c:\com\inprocerver\игра пятнашки\barleybreak.cpp(826): см. ссылку на создание экземпляров функции шаблон при компиляции "_OutIt std::copy<std::_String_iterator<_Elem,_Traits,_Alloc>,LPWSTR>(_InIt,_InIt,_OutIt)"
                 with
                 [
                     _OutIt=LPWSTR,
                     _Elem=char,
                     _Traits=std::char_traits<char>,
                     _Alloc=std::allocator<char>,
                     _InIt=std::_String_iterator<char,std::char_traits<char>,std::allocator<char>>
                 ]
       ResourceCompile:
         Для всех выходных данных обновления не требуется.
       ManifestResourceCompile:
         Для всех выходных данных обновления не требуется.
       Link:
         C:\Program Files (x86)\Microsoft Visual Studio 10.0\VC\bin\link.exe /ERRORREPORT:PROMPT /OUT:"C:\COM\InProcerver\ИГРА ПЯТНАШКИ\Debug\ИГРА ПЯТНАШКИ.exe" /INCREMENTAL /NOLOGO /LIBPATH:"D:\Visual Leak Detector\lib\Win32" gdiplus.lib kernel32.lib user32.lib gdi32.lib winspool.lib comdlg32.lib advapi32.lib shell32.lib ole32.lib oleaut32.lib uuid.lib odbc32.lib odbccp32.lib /MANIFEST /ManifestFile:"Debug\ИГРА ПЯТНАШКИ.exe.intermediate.manifest" /MANIFESTUAC:"level='asInvoker' uiAccess='false'" /DEBUG /PDB:"C:\COM\InProcerver\ИГРА ПЯТНАШКИ\Debug\ИГРА ПЯТНАШКИ.pdb" /SUBSYSTEM:WINDOWS /TLBID:1 /DYNAMICBASE /NXCOMPAT /IMPLIB:"C:\COM\InProcerver\ИГРА ПЯТНАШКИ\Debug\ИГРА ПЯТНАШКИ.lib" /MACHINE:X86 "Debug\ИГРА ПЯТНАШКИ2.res"
         "Debug\ИГРА ПЯТНАШКИ.exe.embed.manifest.res"
         Debug\barleyBreak.obj
         Debug\create_main_window.obj
         Debug\create_bitmap_for_bk.obj
         Debug\Desktop.obj
         Debug\stdafx.obj
         "Debug\ИГРА ПЯТНАШКИ.obj"
       Manifest:
         C:\Program Files (x86)\Microsoft SDKs\Windows\v7.0A\bin\mt.exe /nologo /verbose /out:"Debug\ИГРА ПЯТНАШКИ.exe.embed.manifest" /manifest "Debug\ИГРА ПЯТНАШКИ.exe.intermediate.manifest"
         Для всех выходных данных обновления не требуется.
       LinkEmbedManifest:
         Для всех выходных данных обновления не требуется.
         ИГРА ПЯТНАШКИ.vcxproj -> C:\COM\InProcerver\ИГРА ПЯТНАШКИ\Debug\ИГРА ПЯТНАШКИ.exe
       FinalizeBuildStatus:
         Файл "Debug\ИГРА ПЯТНАШКИ.unsuccessfulbuild" удаляется.
         Обращение к "Debug\ИГРА ПЯТНАШКИ.lastbuildstate".
     1>Построение проекта "C:\COM\InProcerver\ИГРА ПЯТНАШКИ\ИГРА ПЯТНАШКИ.vcxproj" завершено (целевые объекты build).

Построение успешно завершено.

Затраченное время: 00:00:04.23
